Start building sites … 
hugo v0.115.3+extended darwin/amd64 BuildDate=unknown


                   | EN  
-------------------+-----
  Pages            | 10  
  Paginator pages  |  0  
  Non-page files   |  0  
  Static files     |  1  
  Processed images |  0  
  Aliases          |  1  
  Sitemaps         |  1  
  Cleaned          |  0  

Built in 90 ms
Watching for changes in /Users/moondo/hugo/huanglianjing.com/{archetypes,assets,content,data,layouts,static,themes}
Watching for config changes in /Users/moondo/hugo/huanglianjing.com/hugo.toml
Environment: "development"
Serving pages from memory
Running in Fast Render Mode. For full rebuilds on change: hugo server --disableFastRender
Web Server is available at http://localhost:1313/ (bind address 127.0.0.1)
Press Ctrl+C to stop
Start building sites … 
hugo v0.115.3+extended darwin/amd64 BuildDate=unknown


                   | EN  
-------------------+-----
  Pages            | 10  
  Paginator pages  |  0  
  Non-page files   |  0  
  Static files     |  1  
  Processed images |  0  
  Aliases          |  1  
  Sitemaps         |  1  
  Cleaned          |  0  

Built in 82 ms
Watching for changes in /Users/moondo/hugo/huanglianjing.com/{archetypes,assets,content,data,layouts,static,themes}
Watching for config changes in /Users/moondo/hugo/huanglianjing.com/hugo.toml
Environment: "development"
Serving pages from memory
Running in Fast Render Mode. For full rebuilds on change: hugo server --disableFastRender
Web Server is available at http://localhost:1313/ (bind address 127.0.0.1)
Press Ctrl+C to stop
port 1313 already in use, attempting to use an available port
Start building sites … 
hugo v0.115.3+extended darwin/amd64 BuildDate=unknown


                   | EN  
-------------------+-----
  Pages            | 10  
  Paginator pages  |  0  
  Non-page files   |  0  
  Static files     |  1  
  Processed images |  0  
  Aliases          |  1  
  Sitemaps         |  1  
  Cleaned          |  0  

Built in 89 ms
Watching for changes in /Users/moondo/hugo/huanglianjing.com/{archetypes,assets,content,data,layouts,static,themes}
Watching for config changes in /Users/moondo/hugo/huanglianjing.com/hugo.toml
Environment: "development"
Serving pages from memory
Running in Fast Render Mode. For full rebuilds on change: hugo server --disableFastRender
Web Server is available at http://localhost:49853/ (bind address 127.0.0.1)
Press Ctrl+C to stop

Change detected, rebuilding site.
2023-07-16 18:37:17.553 +0800
Source changed WRITE         "/Users/moondo/hugo/huanglianjing.com/content/posts/Go基础语法.md"
Source changed WRITE         "/Users/moondo/hugo/huanglianjing.com/content/posts/Go基础语法.md"
Source changed WRITE         "/Users/moondo/hugo/huanglianjing.com/content/posts/Go基础语法.md"
Total in 29 ms
